

***********************************************************************
Fatal NI connect error 12505, connecting to:
 (DESCRIPTION=(ADDRESS=(COMMUNITY=tcp.world)(PROTOCOL=TCP)(HOST=bpad_pkg.conseco.com)(PORT=1521))(CONNECT_DATA=(SID=bpad)(CID=(PROGRAM=C:\Program Files\InputAccel\Client\binnt\QuickModuleHost.exe)(HOST=C67584)(USER=CDPEHA))))

  VERSION INFORMATION:
	TNS for 32-bit Windows: Version 10.2.0.1.0 - Production
	Windows NT TCP/IP NT Protocol Adapter for 32-bit Windows: Version 10.2.0.1.0 - Production
  Time: 05-NOV-2010 15:50:56
  Tracing not turned on.
  Tns error struct:
    ns main err code: 12564
    TNS-12564: TNS:connection refused
    ns secondary err code: 0
    nt main err code: 0
    nt secondary err code: 0
    nt OS err code: 0


***********************************************************************
Fatal NI connect error 12505, connecting to:
 (DESCRIPTION=(ADDRESS=(COMMUNITY=tcp.world)(PROTOCOL=TCP)(HOST=bpad_pkg.conseco.com)(PORT=1521))(CONNECT_DATA=(SID=bpad)(CID=(PROGRAM=C:\Program Files\InputAccel\Client\binnt\QuickModuleHost.exe)(HOST=C67584)(USER=CDPEHA))))

  VERSION INFORMATION:
	TNS for 32-bit Windows: Version 10.2.0.1.0 - Production
	Windows NT TCP/IP NT Protocol Adapter for 32-bit Windows: Version 10.2.0.1.0 - Production
  Time: 05-NOV-2010 15:51:25
  Tracing not turned on.
  Tns error struct:
    ns main err code: 12564
    TNS-12564: TNS:connection refused
    ns secondary err code: 0
    nt main err code: 0
    nt secondary err code: 0
    nt OS err code: 0


***********************************************************************
Fatal NI connect error 12505, connecting to:
 (DESCRIPTION=(ADDRESS=(COMMUNITY=tcp.world)(PROTOCOL=TCP)(HOST=bpad_pkg.conseco.com)(PORT=1521))(CONNECT_DATA=(SID=bpad)(CID=(PROGRAM=C:\Program Files\InputAccel\Client\binnt\QuickModuleHost.exe)(HOST=C67584)(USER=CDPEHA))))

  VERSION INFORMATION:
	TNS for 32-bit Windows: Version 10.2.0.1.0 - Production
	Windows NT TCP/IP NT Protocol Adapter for 32-bit Windows: Version 10.2.0.1.0 - Production
  Time: 05-NOV-2010 15:51:38
  Tracing not turned on.
  Tns error struct:
    ns main err code: 12564
    TNS-12564: TNS:connection refused
    ns secondary err code: 0
    nt main err code: 0
    nt secondary err code: 0
    nt OS err code: 0


***********************************************************************
Fatal NI connect error 12505, connecting to:
 (DESCRIPTION=(ADDRESS=(COMMUNITY=tcp.world)(PROTOCOL=TCP)(HOST=bpad_pkg.conseco.com)(PORT=1521))(CONNECT_DATA=(SID=bpad)(CID=(PROGRAM=C:\Program Files\InputAccel\Client\binnt\QuickModuleHost.exe)(HOST=C67584)(USER=CDPEHA))))

  VERSION INFORMATION:
	TNS for 32-bit Windows: Version 10.2.0.1.0 - Production
	Windows NT TCP/IP NT Protocol Adapter for 32-bit Windows: Version 10.2.0.1.0 - Production
  Time: 05-NOV-2010 15:51:43
  Tracing not turned on.
  Tns error struct:
    ns main err code: 12564
    TNS-12564: TNS:connection refused
    ns secondary err code: 0
    nt main err code: 0
    nt secondary err code: 0
    nt OS err code: 0


***********************************************************************
Fatal NI connect error 12505, connecting to:
 (DESCRIPTION=(ADDRESS=(COMMUNITY=tcp.world)(PROTOCOL=TCP)(HOST=bpad_pkg.conseco.com)(PORT=1521))(CONNECT_DATA=(SID=bpad)(CID=(PROGRAM=C:\Program Files\InputAccel\Client\binnt\QuickModuleHost.exe)(HOST=C67584)(USER=CDPEHA))))

  VERSION INFORMATION:
	TNS for 32-bit Windows: Version 10.2.0.1.0 - Production
	Windows NT TCP/IP NT Protocol Adapter for 32-bit Windows: Version 10.2.0.1.0 - Production
  Time: 05-NOV-2010 15:51:51
  Tracing not turned on.
  Tns error struct:
    ns main err code: 12564
    TNS-12564: TNS:connection refused
    ns secondary err code: 0
    nt main err code: 0
    nt secondary err code: 0
    nt OS err code: 0
